<?xml version="1.0" encoding="UTF-8"?>
<Site BuildName="(empty)"
	BuildStamp="20231106-1144-Experimental"
	Name="simon"
	Generator="ctest-3.16.3"
	CompilerName="/usr/bin/g++"
	CompilerVersion="9.4.0"
	OSName="Linux"
	Hostname="simon"
	OSRelease="5.15.0-88-generic"
	OSVersion="#98~20.04.1-Ubuntu SMP Mon Oct 9 16:43:45 UTC 2023"
	OSPlatform="x86_64"
	Is64Bits="1"
	VendorString="GenuineIntel"
	VendorID="Intel Corporation"
	FamilyID="6"
	ModelID="141"
	ProcessorCacheSize="24576"
	NumberOfLogicalCPU="16"
	NumberOfPhysicalCPU="8"
	TotalVirtualMemory="9536"
	TotalPhysicalMemory="15765"
	LogicalProcessorsPerPhysical="2"
	ProcessorClockFrequency="2645"
	>
	<Testing>
		<StartDateTime>Nov 06 14:11 GMT</StartDateTime>
		<StartTestTime>1699279882</StartTestTime>
		<TestList/>
		<EndDateTime>Nov 06 14:11 GMT</EndDateTime>
		<EndTestTime>1699279882</EndTestTime>
		<ElapsedMinutes>0</ElapsedMinutes>
	</Testing>
</Site>
