<?xml version="1.0" encoding="UTF-8"?>
<Site BuildName="(empty)"
	BuildStamp="20231207-0955-Experimental"
	Name="simon"
	Generator="ctest-3.16.3"
	CompilerName="/usr/bin/g++"
	CompilerVersion="9.4.0"
	OSName="Linux"
	Hostname="simon"
	OSRelease="5.15.0-89-generic"
	OSVersion="#99~20.04.1-Ubuntu SMP Thu Nov 2 15:16:47 UTC 2023"
	OSPlatform="x86_64"
	Is64Bits="1"
	VendorString="GenuineIntel"
	VendorID="Intel Corporation"
	FamilyID="6"
	ModelID="141"
	ProcessorCacheSize="24576"
	NumberOfLogicalCPU="16"
	NumberOfPhysicalCPU="8"
	TotalVirtualMemory="9536"
	TotalPhysicalMemory="15765"
	LogicalProcessorsPerPhysical="2"
	ProcessorClockFrequency="4531.3"
	>
	<Testing>
		<StartDateTime>Dec 07 09:55 GMT</StartDateTime>
		<StartTestTime>1701942904</StartTestTime>
		<TestList/>
		<EndDateTime>Dec 07 09:55 GMT</EndDateTime>
		<EndTestTime>1701942904</EndTestTime>
		<ElapsedMinutes>0</ElapsedMinutes>
	</Testing>
</Site>
