<?xml version="1.0" encoding="UTF-8"?>
<Site BuildName="(empty)"
	BuildStamp="20240110-0748-Experimental"
	Name="simon"
	Generator="ctest-3.16.3"
	CompilerName="/usr/bin/g++"
	CompilerVersion="9.4.0"
	OSName="Linux"
	Hostname="simon"
	OSRelease="5.15.0-91-generic"
	OSVersion="#101~20.04.1-Ubuntu SMP Thu Nov 16 14:22:28 UTC 2023"
	OSPlatform="x86_64"
	Is64Bits="1"
	VendorString="GenuineIntel"
	VendorID="Intel Corporation"
	FamilyID="6"
	ModelID="141"
	ProcessorCacheSize="24576"
	NumberOfLogicalCPU="16"
	NumberOfPhysicalCPU="8"
	TotalVirtualMemory="9536"
	TotalPhysicalMemory="15765"
	LogicalProcessorsPerPhysical="2"
	ProcessorClockFrequency="3062.93"
	>
	<Testing>
		<StartDateTime>Jan 10 22:56 GMT</StartDateTime>
		<StartTestTime>1704927368</StartTestTime>
		<TestList/>
		<EndDateTime>Jan 10 22:56 GMT</EndDateTime>
		<EndTestTime>1704927368</EndTestTime>
		<ElapsedMinutes>0</ElapsedMinutes>
	</Testing>
</Site>
